2026-01-10T09:54:07: 
> new-frontend@0.1.0 start
> next start

2026-01-10T09:54:07: 2026-01-10T09:54:08: 
> new-frontend@0.1.0 start
> next start

2026-01-10T09:54:08: 2026-01-10T09:54:09: 
> new-frontend@0.1.0 start
> next start

2026-01-10T09:54:09: 2026-01-10T09:54:09: 
> new-frontend@0.1.0 start
> next start

2026-01-10T09:54:10: 2026-01-10T09:54:10: 
> new-frontend@0.1.0 start
> next start

2026-01-10T09:54:11: 2026-01-10T09:54:11: 
> new-frontend@0.1.0 start
> next start

2026-01-10T09:54:12: 2026-01-10T09:54:12: 
> new-frontend@0.1.0 start
> next start

2026-01-10T09:54:13: 2026-01-10T09:54:13: 2026-01-10T09:54:13: 
> new-frontend@0.1.0 start
> next start

2026-01-10T09:54:13: 2026-01-10T09:54:14: 
> new-frontend@0.1.0 start
> next start

2026-01-10T09:54:14: 2026-01-10T09:54:14: 
> new-frontend@0.1.0 start
> next start

2026-01-10T09:54:15: 2026-01-10T09:54:15: 
> new-frontend@0.1.0 start
> next start

2026-01-10T09:54:16: 2026-01-10T09:54:16: 
> new-frontend@0.1.0 start
> next start

2026-01-10T09:54:17: 2026-01-10T09:54:17: 2026-01-10T09:54:17: 
> new-frontend@0.1.0 start
> next start

2026-01-10T09:54:18: 2026-01-10T09:54:18: 
> new-frontend@0.1.0 start
> next start

2026-01-10T09:54:18: 2026-01-10T09:54:18: 2026-01-10T09:54:19: 
> new-frontend@0.1.0 start
> next start

2026-01-10T09:54:19: 2026-01-10T09:54:19: 
> new-frontend@0.1.0 start
> next start

2026-01-10T09:54:20: 2026-01-10T09:54:20: 
> new-frontend@0.1.0 start
> next start

2026-01-10T09:54:21: 2026-01-10T09:56:34: 
> new-frontend@0.1.0 start
> next start

2026-01-10T12:31:37: 
> new-frontend@0.1.0 start
> next start

2026-01-10T12:54:27: 
> new-frontend@0.1.0 start
> next start

2026-01-10T13:33:51: 
> new-frontend@0.1.0 start
> next start

2026-01-10T13:33:58: 
> new-frontend@0.1.0 start
> next start

2026-01-10T13:37:48: 
> new-frontend@0.1.0 start
> next start

2026-01-10T13:41:23: 
> new-frontend@0.1.0 start
> next start

2026-01-10T16:43:30: 
> new-frontend@0.1.0 start
> next start

